  inter.cpp
C:\Users\c00236511\Desktop\programming-lab-6\Project1\Project1\inter.h(47,3): error C2804:  binary 'operator +' has too many parameters
C:\Users\c00236511\Desktop\programming-lab-6\Project1\Project1\inter.h(47,3): error C2333:  'Quaternion::operator +': error in function declaration; skipping function body
C:\Users\c00236511\Desktop\programming-lab-6\Project1\Project1\inter.h(57,3): error C2804:  binary 'operator -' has too many parameters
C:\Users\c00236511\Desktop\programming-lab-6\Project1\Project1\inter.h(57,3): error C2333:  'Quaternion::operator -': error in function declaration; skipping function body
C:\Users\c00236511\Desktop\programming-lab-6\Project1\Project1\inter.h(62,3): error C2801:  'Quaternion::operator *' must be a non-static member
C:\Users\c00236511\Desktop\programming-lab-6\Project1\Project1\inter.h(62,3): error C2333:  'Quaternion::operator *': error in function declaration; skipping function body
C:\Users\c00236511\Desktop\programming-lab-6\Project1\Project1\inter.h(66,3): error C2801:  'Quaternion::operator *' must be a non-static member
C:\Users\c00236511\Desktop\programming-lab-6\Project1\Project1\inter.h(66,3): error C2333:  'Quaternion::operator *': error in function declaration; skipping function body
C:\Users\c00236511\Desktop\programming-lab-6\Project1\Project1\inter.h(70,3): error C2801:  'Quaternion::operator *' must be a non-static member
C:\Users\c00236511\Desktop\programming-lab-6\Project1\Project1\inter.h(70,3): error C2333:  'Quaternion::operator *': error in function declaration; skipping function body
C:\Users\c00236511\Desktop\programming-lab-6\Project1\Project1\inter.h(74,3): error C2801:  'Quaternion::operator *' must be a non-static member
C:\Users\c00236511\Desktop\programming-lab-6\Project1\Project1\inter.h(74,3): error C2333:  'Quaternion::operator *': error in function declaration; skipping function body
C:\Users\c00236511\Desktop\programming-lab-6\Project1\Project1\inter.h(78,3): error C2801:  'Quaternion::operator *' must be a non-static member
C:\Users\c00236511\Desktop\programming-lab-6\Project1\Project1\inter.h(78,3): error C2333:  'Quaternion::operator *': error in function declaration; skipping function body
C:\Users\c00236511\Desktop\programming-lab-6\Project1\Project1\inter.h(82,3): error C2801:  'Quaternion::operator *' must be a non-static member
C:\Users\c00236511\Desktop\programming-lab-6\Project1\Project1\inter.h(82,3): error C2333:  'Quaternion::operator *': error in function declaration; skipping function body
C:\Users\c00236511\Desktop\programming-lab-6\Project1\Project1\inter.h(88,3): error C2801:  'Quaternion::operator *' must be a non-static member
  main.cpp
  matrix3.cpp
  vector3.cpp
C:\Users\c00236511\Desktop\programming-lab-6\Project1\Project1\inter.h(88,3): error C2333:  'Quaternion::operator *': error in function declaration; skipping function body
C:\Users\c00236511\Desktop\programming-lab-6\Project1\Project1\vector3.cpp(174,16): warning C4244:  'initializing': conversion from 'double' to 'float', possible loss of data
C:\Users\c00236511\Desktop\programming-lab-6\Project1\Project1\vector3.cpp(175,16): warning C4244:  'initializing': conversion from 'double' to 'float', possible loss of data
  Generating Code...
C:\Users\c00236511\Desktop\programming-lab-6\Project1\Project1\vector3.cpp(176,16): warning C4244:  'initializing': conversion from 'double' to 'float', possible loss of data
